[23/Nov/2016:10:06:10] ENGINE Listening for SIGHUP.
[23/Nov/2016:10:06:10] ENGINE Listening for SIGTERM.
[23/Nov/2016:10:06:10] ENGINE Listening for SIGUSR1.
[23/Nov/2016:10:06:10] ENGINE Bus STARTING
[23/Nov/2016:10:06:10] ENGINE Started monitor thread '_TimeoutMonitor'.
[23/Nov/2016:10:06:10] ENGINE Serving on http://0.0.0.0:8080
[23/Nov/2016:10:06:10] ENGINE Bus STARTED
[23/Nov/2016:10:11:13] ENGINE Keyboard Interrupt: shutting down bus
[23/Nov/2016:10:11:13] ENGINE Bus STOPPING
[23/Nov/2016:10:11:18] ENGINE HTTP Server cherrypy._cpwsgi_server.CPWSGIServer(('0.0.0.0', 8080)) shut down
[23/Nov/2016:10:11:18] ENGINE Stopped thread '_TimeoutMonitor'.
[23/Nov/2016:10:11:18] ENGINE Bus STOPPED
[23/Nov/2016:10:11:18] ENGINE Bus EXITING
[23/Nov/2016:10:11:18] ENGINE Bus EXITED
[23/Nov/2016:10:11:18] ENGINE Waiting for child threads to terminate...
[23/Nov/2016:10:11:21] ENGINE Listening for SIGHUP.
[23/Nov/2016:10:11:21] ENGINE Listening for SIGTERM.
[23/Nov/2016:10:11:21] ENGINE Listening for SIGUSR1.
[23/Nov/2016:10:11:21] ENGINE Bus STARTING
[23/Nov/2016:10:11:21] ENGINE Started monitor thread '_TimeoutMonitor'.
[23/Nov/2016:10:11:21] ENGINE Serving on http://0.0.0.0:8080
[23/Nov/2016:10:11:21] ENGINE Bus STARTED
[23/Nov/2016:11:16:24] ENGINE Keyboard Interrupt: shutting down bus
[23/Nov/2016:11:16:24] ENGINE Bus STOPPING
[23/Nov/2016:11:16:24] ENGINE HTTP Server cherrypy._cpwsgi_server.CPWSGIServer(('0.0.0.0', 8080)) shut down
[23/Nov/2016:11:16:24] ENGINE Stopped thread '_TimeoutMonitor'.
[23/Nov/2016:11:16:24] ENGINE Bus STOPPED
[23/Nov/2016:11:16:24] ENGINE Bus EXITING
[23/Nov/2016:11:16:24] ENGINE Bus EXITED
[23/Nov/2016:11:16:24] ENGINE Waiting for child threads to terminate...
[23/Nov/2016:11:16:26] ENGINE Listening for SIGHUP.
[23/Nov/2016:11:16:26] ENGINE Listening for SIGTERM.
[23/Nov/2016:11:16:26] ENGINE Listening for SIGUSR1.
[23/Nov/2016:11:16:26] ENGINE Bus STARTING
[23/Nov/2016:11:16:26] ENGINE Started monitor thread '_TimeoutMonitor'.
[23/Nov/2016:11:16:26] ENGINE Serving on http://0.0.0.0:8080
[23/Nov/2016:11:16:26] ENGINE Bus STARTED
[23/Nov/2016:11:22:24] ENGINE Keyboard Interrupt: shutting down bus
[23/Nov/2016:11:22:24] ENGINE Bus STOPPING
[23/Nov/2016:11:22:24] ENGINE HTTP Server cherrypy._cpwsgi_server.CPWSGIServer(('0.0.0.0', 8080)) shut down
[23/Nov/2016:11:22:24] ENGINE Stopped thread '_TimeoutMonitor'.
[23/Nov/2016:11:22:24] ENGINE Bus STOPPED
[23/Nov/2016:11:22:24] ENGINE Bus EXITING
[23/Nov/2016:11:22:24] ENGINE Bus EXITED
[23/Nov/2016:11:22:24] ENGINE Waiting for child threads to terminate...
[23/Nov/2016:11:22:26] ENGINE Listening for SIGHUP.
[23/Nov/2016:11:22:26] ENGINE Listening for SIGTERM.
[23/Nov/2016:11:22:26] ENGINE Listening for SIGUSR1.
[23/Nov/2016:11:22:26] ENGINE Bus STARTING
[23/Nov/2016:11:22:26] ENGINE Started monitor thread '_TimeoutMonitor'.
[23/Nov/2016:11:22:26] ENGINE Serving on http://0.0.0.0:8080
[23/Nov/2016:11:22:26] ENGINE Bus STARTED
[23/Nov/2016:12:13:18] HTTP 
Traceback (most recent call last):
  File "/usr/local/lib/python2.7/dist-packages/cherrypy/_cprequest.py", line 670, in respond
    response.body = self.handler()
  File "/usr/local/lib/python2.7/dist-packages/cherrypy/lib/encoding.py", line 220, in __call__
    self.body = self.oldhandler(*args, **kwargs)
  File "/usr/local/lib/python2.7/dist-packages/cherrypy/_cpdispatch.py", line 60, in __call__
    return self.callable(*self.args, **self.kwargs)
  File "simple_cherr.py", line 10, in index
  File "/usr/local/lib/python2.7/dist-packages/mako/template.py", line 338, in __init__
    module = self._compile_from_file(path, filename)
  File "/usr/local/lib/python2.7/dist-packages/mako/template.py", line 412, in _compile_from_file
    data = util.read_file(filename)
  File "/usr/local/lib/python2.7/dist-packages/mako/util.py", line 365, in read_file
    fp = open(path, mode)
IOError: [Errno 2] No such file or directory: 'template/zero_work.html'
[23/Nov/2016:12:13:50] ENGINE Keyboard Interrupt: shutting down bus
[23/Nov/2016:12:13:50] ENGINE Bus STOPPING
[23/Nov/2016:12:13:50] ENGINE HTTP Server cherrypy._cpwsgi_server.CPWSGIServer(('0.0.0.0', 8080)) shut down
[23/Nov/2016:12:13:50] ENGINE Stopped thread '_TimeoutMonitor'.
[23/Nov/2016:12:13:50] ENGINE Bus STOPPED
[23/Nov/2016:12:13:50] ENGINE Bus EXITING
[23/Nov/2016:12:13:50] ENGINE Bus EXITED
[23/Nov/2016:12:13:50] ENGINE Waiting for child threads to terminate...
[23/Nov/2016:12:13:54] ENGINE Listening for SIGHUP.
[23/Nov/2016:12:13:54] ENGINE Listening for SIGTERM.
[23/Nov/2016:12:13:54] ENGINE Listening for SIGUSR1.
[23/Nov/2016:12:13:54] ENGINE Bus STARTING
[23/Nov/2016:12:13:54] ENGINE Started monitor thread '_TimeoutMonitor'.
[23/Nov/2016:12:13:54] ENGINE Serving on http://0.0.0.0:8080
[23/Nov/2016:12:13:54] ENGINE Bus STARTED
[23/Nov/2016:12:15:44] ENGINE Keyboard Interrupt: shutting down bus
[23/Nov/2016:12:15:44] ENGINE Bus STOPPING
[23/Nov/2016:12:15:44] ENGINE HTTP Server cherrypy._cpwsgi_server.CPWSGIServer(('0.0.0.0', 8080)) shut down
[23/Nov/2016:12:15:44] ENGINE Stopped thread '_TimeoutMonitor'.
[23/Nov/2016:12:15:44] ENGINE Bus STOPPED
[23/Nov/2016:12:15:44] ENGINE Bus EXITING
[23/Nov/2016:12:15:44] ENGINE Bus EXITED
[23/Nov/2016:12:15:44] ENGINE Waiting for child threads to terminate...
[23/Nov/2016:12:15:47] ENGINE Listening for SIGHUP.
[23/Nov/2016:12:15:47] ENGINE Listening for SIGTERM.
[23/Nov/2016:12:15:47] ENGINE Listening for SIGUSR1.
[23/Nov/2016:12:15:47] ENGINE Bus STARTING
[23/Nov/2016:12:15:47] ENGINE Started monitor thread '_TimeoutMonitor'.
[23/Nov/2016:12:15:47] ENGINE Serving on http://0.0.0.0:8080
[23/Nov/2016:12:15:47] ENGINE Bus STARTED
[23/Nov/2016:12:18:28] ENGINE Keyboard Interrupt: shutting down bus
[23/Nov/2016:12:18:28] ENGINE Bus STOPPING
[23/Nov/2016:12:18:28] ENGINE HTTP Server cherrypy._cpwsgi_server.CPWSGIServer(('0.0.0.0', 8080)) shut down
[23/Nov/2016:12:18:28] ENGINE Stopped thread '_TimeoutMonitor'.
[23/Nov/2016:12:18:28] ENGINE Bus STOPPED
[23/Nov/2016:12:18:28] ENGINE Bus EXITING
[23/Nov/2016:12:18:28] ENGINE Bus EXITED
[23/Nov/2016:12:18:28] ENGINE Waiting for child threads to terminate...
[23/Nov/2016:12:18:48] ENGINE Listening for SIGHUP.
[23/Nov/2016:12:18:48] ENGINE Listening for SIGTERM.
[23/Nov/2016:12:18:48] ENGINE Listening for SIGUSR1.
[23/Nov/2016:12:18:48] ENGINE Bus STARTING
[23/Nov/2016:12:18:48] ENGINE Started monitor thread '_TimeoutMonitor'.
[23/Nov/2016:12:18:48] ENGINE Serving on http://0.0.0.0:8080
[23/Nov/2016:12:18:48] ENGINE Bus STARTED
[23/Nov/2016:12:19:38] ENGINE Keyboard Interrupt: shutting down bus
[23/Nov/2016:12:19:38] ENGINE Bus STOPPING
[23/Nov/2016:12:19:38] ENGINE HTTP Server cherrypy._cpwsgi_server.CPWSGIServer(('0.0.0.0', 8080)) shut down
[23/Nov/2016:12:19:38] ENGINE Stopped thread '_TimeoutMonitor'.
[23/Nov/2016:12:19:38] ENGINE Bus STOPPED
[23/Nov/2016:12:19:38] ENGINE Bus EXITING
[23/Nov/2016:12:19:38] ENGINE Bus EXITED
[23/Nov/2016:12:19:38] ENGINE Waiting for child threads to terminate...
[23/Nov/2016:12:19:48] ENGINE Listening for SIGHUP.
[23/Nov/2016:12:19:48] ENGINE Listening for SIGTERM.
[23/Nov/2016:12:19:48] ENGINE Listening for SIGUSR1.
[23/Nov/2016:12:19:48] ENGINE Bus STARTING
[23/Nov/2016:12:19:48] ENGINE Started monitor thread '_TimeoutMonitor'.
[23/Nov/2016:12:19:48] ENGINE Serving on http://0.0.0.0:8080
[23/Nov/2016:12:19:48] ENGINE Bus STARTED
[23/Nov/2016:12:20:54] HTTP 
Traceback (most recent call last):
  File "/usr/local/lib/python2.7/dist-packages/cherrypy/_cprequest.py", line 670, in respond
    response.body = self.handler()
  File "/usr/local/lib/python2.7/dist-packages/cherrypy/lib/encoding.py", line 220, in __call__
    self.body = self.oldhandler(*args, **kwargs)
  File "/usr/local/lib/python2.7/dist-packages/cherrypy/_cpdispatch.py", line 60, in __call__
    return self.callable(*self.args, **self.kwargs)
  File "setup.py", line 10, in index
    template = Template(filename="views/zero_work.html")  #Load template file
  File "/usr/local/lib/python2.7/dist-packages/mako/template.py", line 338, in __init__
    module = self._compile_from_file(path, filename)
  File "/usr/local/lib/python2.7/dist-packages/mako/template.py", line 412, in _compile_from_file
    data = util.read_file(filename)
  File "/usr/local/lib/python2.7/dist-packages/mako/util.py", line 365, in read_file
    fp = open(path, mode)
IOError: [Errno 2] No such file or directory: 'views/zero_work.html'
[23/Nov/2016:12:21:03] ENGINE Keyboard Interrupt: shutting down bus
[23/Nov/2016:12:21:03] ENGINE Bus STOPPING
[23/Nov/2016:12:21:04] ENGINE HTTP Server cherrypy._cpwsgi_server.CPWSGIServer(('0.0.0.0', 8080)) shut down
[23/Nov/2016:12:21:04] ENGINE Stopped thread '_TimeoutMonitor'.
[23/Nov/2016:12:21:04] ENGINE Bus STOPPED
[23/Nov/2016:12:21:04] ENGINE Bus EXITING
[23/Nov/2016:12:21:04] ENGINE Bus EXITED
[23/Nov/2016:12:21:04] ENGINE Waiting for child threads to terminate...
[23/Nov/2016:12:21:06] ENGINE Listening for SIGHUP.
[23/Nov/2016:12:21:06] ENGINE Listening for SIGTERM.
[23/Nov/2016:12:21:06] ENGINE Listening for SIGUSR1.
[23/Nov/2016:12:21:06] ENGINE Bus STARTING
[23/Nov/2016:12:21:06] ENGINE Started monitor thread '_TimeoutMonitor'.
[23/Nov/2016:12:21:06] ENGINE Serving on http://0.0.0.0:8080
[23/Nov/2016:12:21:06] ENGINE Bus STARTED
